2017-31-07 08:31:46 EDT|INFO |c.h.gateway.ApiGatewayApplicationTests             - The following profiles are active: local
2017-31-07 08:31:46 EDT|INFO |o.s.b.c.e.AnnotationConfigEmbeddedWebApplicationContext - Refreshing org.springframework.boot.context.embedded.AnnotationConfigEmbeddedWebApplicationContext@25cc7470: startup date [Mon Jul 31 08:31:46 EDT 2017]; parent: org.springframework.context.annotation.AnnotationConfigApplicationContext@327bcebd
2017-31-07 08:31:46 EDT|INFO |o.s.b.factory.support.DefaultListableBeanFactory   - Overriding bean definition for bean 'customAuthenticationProvider' with a different definition: replacing [Generic bean: class [com.healthesystems.gateway.security.CustomAuthenticationProvider]; scope=singleton; abstract=false; lazyInit=false; autowireMode=0; dependencyCheck=0; autowireCandidate=true; primary=false; factoryBeanName=null; factoryMethodName=null; initMethodName=null; destroyMethodName=null; defined in file [/Users/bribeiro/code/SOT/ABM-DM/internal-gateway/target/classes/com/healthesystems/gateway/security/CustomAuthenticationProvider.class]] with [Root bean: class [null]; scope=; abstract=false; lazyInit=false; autowireMode=3; dependencyCheck=0; autowireCandidate=true; primary=false; factoryBeanName=securityConfig; factoryMethodName=customAuthenticationProvider; initMethodName=null; destroyMethodName=(inferred); defined in class path resource [com/healthesystems/gateway/config/SecurityConfig.class]]
2017-31-07 08:31:46 EDT|INFO |o.s.b.factory.support.DefaultListableBeanFactory   - Overriding bean definition for bean 'hystrixFeature' with a different definition: replacing [Root bean: class [null]; scope=; abstract=false; lazyInit=false; autowireMode=3; dependencyCheck=0; autowireCandidate=true; primary=false; factoryBeanName=org.springframework.cloud.netflix.hystrix.HystrixCircuitBreakerConfiguration$HystrixWebConfiguration; factoryMethodName=hystrixFeature; initMethodName=null; destroyMethodName=(inferred); defined in class path resource [org/springframework/cloud/netflix/hystrix/HystrixCircuitBreakerConfiguration$HystrixWebConfiguration.class]] with [Root bean: class [null]; scope=; abstract=false; lazyInit=false; autowireMode=3; dependencyCheck=0; autowireCandidate=true; primary=false; factoryBeanName=org.springframework.cloud.netflix.hystrix.HystrixCircuitBreakerConfiguration; factoryMethodName=hystrixFeature; initMethodName=null; destroyMethodName=(inferred); defined in class path resource [org/springframework/cloud/netflix/hystrix/HystrixCircuitBreakerConfiguration.class]]
2017-31-07 08:31:46 EDT|INFO |o.s.d.r.config.RepositoryConfigurationDelegate     - Multiple Spring Data modules found, entering strict repository configuration mode!
2017-31-07 08:31:46 EDT|INFO |o.s.b.factory.support.DefaultListableBeanFactory   - Overriding bean definition for bean 'propertySourcesPlaceholderConfigurer' with a different definition: replacing [Root bean: class [org.springframework.boot.autoconfigure.context.PropertyPlaceholderAutoConfiguration]; scope=; abstract=false; lazyInit=false; autowireMode=3; dependencyCheck=0; autowireCandidate=true; primary=false; factoryBeanName=null; factoryMethodName=propertySourcesPlaceholderConfigurer; initMethodName=null; destroyMethodName=(inferred); defined in class path resource [org/springframework/boot/autoconfigure/context/PropertyPlaceholderAutoConfiguration.class]] with [Root bean: class [org.springframework.boot.autoconfigure.session.RedisSessionConfiguration$SpringBootRedisHttpSessionConfiguration]; scope=; abstract=false; lazyInit=false; autowireMode=3; dependencyCheck=0; autowireCandidate=true; primary=false; factoryBeanName=null; factoryMethodName=propertySourcesPlaceholderConfigurer; initMethodName=null; destroyMethodName=(inferred); defined in class path resource [org/springframework/boot/autoconfigure/session/RedisSessionConfiguration$SpringBootRedisHttpSessionConfiguration.class]]
2017-31-07 08:31:46 EDT|WARN |o.s.c.annotation.ConfigurationClassPostProcessor   - Cannot enhance @Configuration bean definition 'refreshScope' since its singleton instance has been created too early. The typical cause is a non-static @Bean method with a BeanDefinitionRegistryPostProcessor return type: Consider declaring such methods as 'static'.
2017-31-07 08:31:47 EDT|INFO |o.springframework.cloud.context.scope.GenericScope - BeanFactory id=95b09f9a-02ce-3c5b-92bd-f53aa37d0dba
2017-31-07 08:31:47 EDT|INFO |o.s.b.f.a.AutowiredAnnotationBeanPostProcessor     - JSR-330 'javax.inject.Inject' annotation found and supported for autowiring
2017-31-07 08:31:47 EDT|INFO |o.s.c.s.PostProcessorRegistrationDelegate$BeanPostProcessorChecker - Bean 'org.springframework.transaction.annotation.ProxyTransactionManagementConfiguration' of type [org.springframework.transaction.annotation.ProxyTransactionManagementConfiguration$$EnhancerBySpringCGLIB$$bc707856] is not eligible for getting processed by all BeanPostProcessors (for example: not eligible for auto-proxying)
2017-31-07 08:31:47 EDT|INFO |o.s.c.s.PostProcessorRegistrationDelegate$BeanPostProcessorChecker - Bean 'org.springframework.cloud.autoconfigure.ConfigurationPropertiesRebinderAutoConfiguration' of type [org.springframework.cloud.autoconfigure.ConfigurationPropertiesRebinderAutoConfiguration$$EnhancerBySpringCGLIB$$d88a7b53] is not eligible for getting processed by all BeanPostProcessors (for example: not eligible for auto-proxying)
2017-31-07 08:31:47 EDT|INFO |o.s.b.c.e.tomcat.TomcatEmbeddedServletContainer    - Tomcat initialized with port(s): 0 (http)
2017-31-07 08:31:47 EDT|INFO |org.springframework.web.context.ContextLoader      - Root WebApplicationContext: initialization completed in 1940 ms
2017-31-07 08:31:48 EDT|WARN |com.netflix.config.sources.URLConfigurationSource  - No URLs will be polled as dynamic configuration sources.
2017-31-07 08:31:49 EDT|INFO |o.s.boot.web.servlet.FilterRegistrationBean        - Mapping filter: 'metricsFilter' to: [/*]
2017-31-07 08:31:49 EDT|INFO |o.s.boot.web.servlet.FilterRegistrationBean        - Mapping filter: 'characterEncodingFilter' to: [/*]
2017-31-07 08:31:49 EDT|INFO |o.s.boot.web.servlet.FilterRegistrationBean        - Mapping filter: 'springSessionRepositoryFilter' to: [/*]
2017-31-07 08:31:49 EDT|INFO |o.s.boot.web.servlet.FilterRegistrationBean        - Mapping filter: 'hiddenHttpMethodFilter' to: [/*]
2017-31-07 08:31:49 EDT|INFO |o.s.boot.web.servlet.FilterRegistrationBean        - Mapping filter: 'httpPutFormContentFilter' to: [/*]
2017-31-07 08:31:49 EDT|INFO |o.s.boot.web.servlet.FilterRegistrationBean        - Mapping filter: 'requestContextFilter' to: [/*]
2017-31-07 08:31:49 EDT|INFO |o.s.b.w.s.DelegatingFilterProxyRegistrationBean    - Mapping filter: 'springSecurityFilterChain' to: [/*]
2017-31-07 08:31:49 EDT|INFO |o.s.boot.web.servlet.FilterRegistrationBean        - Mapping filter: 'webRequestLoggingFilter' to: [/*]
2017-31-07 08:31:49 EDT|INFO |o.s.boot.web.servlet.FilterRegistrationBean        - Mapping filter: 'delegatingFilterProxy' to urls: [/*]
2017-31-07 08:31:49 EDT|INFO |o.s.boot.web.servlet.FilterRegistrationBean        - Mapping filter: 'applicationContextIdFilter' to: [/*]
2017-31-07 08:31:49 EDT|INFO |o.s.boot.web.servlet.ServletRegistrationBean       - Mapping servlet: 'zuulServlet' to [/zuul/*]
2017-31-07 08:31:49 EDT|INFO |o.s.boot.web.servlet.ServletRegistrationBean       - Mapping servlet: 'dispatcherServlet' to [/]
2017-31-07 08:31:49 EDT|INFO |o.s.cloud.netflix.zuul.ZuulFilterInitializer       - Starting filter initializer context listener
2017-31-07 08:31:50 EDT|INFO |o.s.w.s.m.m.a.RequestMappingHandlerAdapter         - Looking for @ControllerAdvice: org.springframework.boot.context.embedded.AnnotationConfigEmbeddedWebApplicationContext@25cc7470: startup date [Mon Jul 31 08:31:46 EDT 2017]; parent: org.springframework.context.annotation.AnnotationConfigApplicationContext@327bcebd
2017-31-07 08:31:50 EDT|INFO |o.s.w.s.m.m.a.RequestMappingHandlerMapping         - Mapped "{[/user]}" onto public java.util.Map<java.lang.String, java.lang.Object> com.healthesystems.gateway.ApiGatewayApplication.user(java.security.Principal)
2017-31-07 08:31:50 EDT|INFO |o.s.w.s.m.m.a.RequestMappingHandlerMapping         - Mapped "{[/error]}" onto public org.springframework.http.ResponseEntity<java.util.Map<java.lang.String, java.lang.Object>> org.springframework.boot.autoconfigure.web.BasicErrorController.error(javax.servlet.http.HttpServletRequest)
2017-31-07 08:31:50 EDT|INFO |o.s.w.s.m.m.a.RequestMappingHandlerMapping         - Mapped "{[/error],produces=[text/html]}" onto public org.springframework.web.servlet.ModelAndView org.springframework.boot.autoconfigure.web.BasicErrorController.errorHtml(javax.servlet.http.HttpServletRequest,javax.servlet.http.HttpServletResponse)
2017-31-07 08:31:50 EDT|INFO |o.s.web.servlet.handler.SimpleUrlHandlerMapping    - Mapped URL path [/login] onto handler of type [class org.springframework.web.servlet.mvc.ParameterizableViewController]
2017-31-07 08:31:50 EDT|INFO |o.s.web.servlet.handler.SimpleUrlHandlerMapping    - Mapped URL path [/webjars/**] onto handler of type [class org.springframework.web.servlet.resource.ResourceHttpRequestHandler]
2017-31-07 08:31:50 EDT|INFO |o.s.web.servlet.handler.SimpleUrlHandlerMapping    - Mapped URL path [/**] onto handler of type [class org.springframework.web.servlet.resource.ResourceHttpRequestHandler]
2017-31-07 08:31:50 EDT|INFO |o.s.web.servlet.handler.SimpleUrlHandlerMapping    - Mapped URL path [/**/favicon.ico] onto handler of type [class org.springframework.web.servlet.resource.ResourceHttpRequestHandler]
2017-31-07 08:31:50 EDT|DEBUG|o.s.s.c.a.a.c.AuthenticationConfiguration$EnableGlobalAuthenticationAutowiredConfigurer - Eagerly initializing {org.springframework.boot.autoconfigure.security.SpringBootWebSecurityConfiguration=org.springframework.boot.autoconfigure.security.SpringBootWebSecurityConfiguration$$EnhancerBySpringCGLIB$$4653cfe@3dd66ff5}
2017-31-07 08:31:51 EDT|INFO |o.s.security.web.DefaultSecurityFilterChain        - Creating filter chain: OrRequestMatcher [requestMatchers=[Ant [pattern='/css/**'], Ant [pattern='/js/**'], Ant [pattern='/images/**'], Ant [pattern='/webjars/**'], Ant [pattern='/**/favicon.ico'], Ant [pattern='/error']]], []
2017-31-07 08:31:51 EDT|INFO |o.s.security.web.DefaultSecurityFilterChain        - Creating filter chain: Ant [pattern='/resources/**'], []
2017-31-07 08:31:51 EDT|DEBUG|o.s.s.w.a.e.ExpressionBasedFilterInvocationSecurityMetadataSource - Adding web access control expression 'authenticated', for org.springframework.boot.actuate.autoconfigure.ManagementWebSecurityAutoConfiguration$LazyEndpointPathRequestMatcher@1136122a
2017-31-07 08:31:51 EDT|DEBUG|o.s.s.w.a.e.ExpressionBasedFilterInvocationSecurityMetadataSource - Adding web access control expression 'permitAll', for org.springframework.boot.actuate.autoconfigure.ManagementWebSecurityAutoConfiguration$LazyEndpointPathRequestMatcher@5a537a16
2017-31-07 08:31:51 EDT|DEBUG|o.s.s.w.access.intercept.FilterSecurityInterceptor - Validated configuration attributes
2017-31-07 08:31:51 EDT|DEBUG|o.s.s.w.access.intercept.FilterSecurityInterceptor - Validated configuration attributes
2017-31-07 08:31:51 EDT|INFO |o.s.security.web.DefaultSecurityFilterChain        - Creating filter chain: org.springframework.boot.actuate.autoconfigure.ManagementWebSecurityAutoConfiguration$LazyEndpointPathRequestMatcher@2de7fe0e, [org.springframework.security.web.context.request.async.WebAsyncManagerIntegrationFilter@2ff8d39b, org.springframework.security.web.context.SecurityContextPersistenceFilter@6f921e32, org.springframework.security.web.header.HeaderWriterFilter@72d0196d, org.springframework.security.web.authentication.logout.LogoutFilter@4cb82b09, org.springframework.security.web.authentication.www.BasicAuthenticationFilter@6dbeaef8, org.springframework.security.web.savedrequest.RequestCacheAwareFilter@391b01c5, org.springframework.security.web.servletapi.SecurityContextHolderAwareRequestFilter@51cd2d2, org.springframework.security.web.authentication.AnonymousAuthenticationFilter@684a802a, org.springframework.security.web.session.SessionManagementFilter@490d9c41, org.springframework.security.web.access.ExceptionTranslationFilter@39004e4f, org.springframework.security.web.access.intercept.FilterSecurityInterceptor@7131d668]
2017-31-07 08:31:51 EDT|DEBUG|o.s.s.w.a.e.ExpressionBasedFilterInvocationSecurityMetadataSource - Adding web access control expression 'permitAll', for ExactUrl [processUrl='/login?error']
2017-31-07 08:31:51 EDT|DEBUG|o.s.s.w.a.e.ExpressionBasedFilterInvocationSecurityMetadataSource - Adding web access control expression 'permitAll', for ExactUrl [processUrl='/login']
2017-31-07 08:31:51 EDT|DEBUG|o.s.s.w.a.e.ExpressionBasedFilterInvocationSecurityMetadataSource - Adding web access control expression 'permitAll', for ExactUrl [processUrl='/login']
2017-31-07 08:31:51 EDT|DEBUG|o.s.s.w.a.e.ExpressionBasedFilterInvocationSecurityMetadataSource - Adding web access control expression 'permitAll', for OrRequestMatcher [requestMatchers=[Ant [pattern='/logout', GET], Ant [pattern='/logout', POST], Ant [pattern='/logout', PUT], Ant [pattern='/logout', DELETE]]]
2017-31-07 08:31:51 EDT|DEBUG|o.s.s.w.a.e.ExpressionBasedFilterInvocationSecurityMetadataSource - Adding web access control expression 'permitAll', for ExactUrl [processUrl='/login?logout']
2017-31-07 08:31:51 EDT|DEBUG|o.s.s.w.a.e.ExpressionBasedFilterInvocationSecurityMetadataSource - Adding web access control expression 'authenticated', for org.springframework.security.web.util.matcher.AnyRequestMatcher@1
2017-31-07 08:31:51 EDT|DEBUG|o.s.s.w.access.intercept.FilterSecurityInterceptor - Validated configuration attributes
2017-31-07 08:31:51 EDT|DEBUG|o.s.s.w.access.intercept.FilterSecurityInterceptor - Validated configuration attributes
2017-31-07 08:31:51 EDT|INFO |o.s.security.web.DefaultSecurityFilterChain        - Creating filter chain: org.springframework.security.web.util.matcher.AnyRequestMatcher@1, [org.springframework.security.web.context.request.async.WebAsyncManagerIntegrationFilter@33ccead, org.springframework.security.web.context.SecurityContextPersistenceFilter@6949cead, org.springframework.security.web.header.HeaderWriterFilter@22ee7fdc, org.springframework.security.web.authentication.logout.LogoutFilter@278c998, org.springframework.security.web.authentication.UsernamePasswordAuthenticationFilter@234ce7ff, org.springframework.security.web.authentication.www.BasicAuthenticationFilter@25e353dc, org.springframework.security.web.savedrequest.RequestCacheAwareFilter@fe13916, org.springframework.security.web.servletapi.SecurityContextHolderAwareRequestFilter@5ea0a7a9, org.springframework.security.web.authentication.AnonymousAuthenticationFilter@42ebece0, org.springframework.security.web.session.SessionManagementFilter@1a88d194, org.springframework.security.web.access.ExceptionTranslationFilter@3a6b94b6, org.springframework.security.web.access.intercept.FilterSecurityInterceptor@3de383f7]
2017-31-07 08:31:51 EDT|DEBUG|o.s.s.w.a.e.ExpressionBasedFilterInvocationSecurityMetadataSource - Adding web access control expression 'hasAnyRole('ROLE_USER','ROLE_ACTUATOR')', for org.springframework.security.web.util.matcher.AnyRequestMatcher@1
2017-31-07 08:31:51 EDT|DEBUG|o.s.s.w.access.intercept.FilterSecurityInterceptor - Validated configuration attributes
2017-31-07 08:31:51 EDT|DEBUG|o.s.s.w.access.intercept.FilterSecurityInterceptor - Validated configuration attributes
2017-31-07 08:31:51 EDT|INFO |o.s.security.web.DefaultSecurityFilterChain        - Creating filter chain: OrRequestMatcher [requestMatchers=[Ant [pattern='/**']]], [org.springframework.security.web.context.request.async.WebAsyncManagerIntegrationFilter@69fd99c1, org.springframework.security.web.context.SecurityContextPersistenceFilter@6cd7dc74, org.springframework.security.web.header.HeaderWriterFilter@154b0748, org.springframework.security.web.authentication.logout.LogoutFilter@e4ef4c0, org.springframework.security.web.authentication.www.BasicAuthenticationFilter@5ca8bd01, org.springframework.security.web.savedrequest.RequestCacheAwareFilter@6d695ec4, org.springframework.security.web.servletapi.SecurityContextHolderAwareRequestFilter@20556566, org.springframework.security.web.authentication.AnonymousAuthenticationFilter@32d8710a, org.springframework.security.web.session.SessionManagementFilter@35c00c, org.springframework.security.web.access.ExceptionTranslationFilter@7ebfe01a, org.springframework.security.web.access.intercept.FilterSecurityInterceptor@10ad95cd]
2017-31-07 08:31:51 EDT|INFO |o.s.ldap.core.support.AbstractContextSource        - Property 'userDn' not set - anonymous context will be used for read-write operations
2017-31-07 08:31:51 EDT|INFO |o.s.b.actuate.endpoint.mvc.EndpointHandlerMapping  - Mapped "{[/hystrix.stream/**]}" onto public org.springframework.web.servlet.ModelAndView org.springframework.cloud.netflix.endpoint.ServletWrappingEndpoint.handle(javax.servlet.http.HttpServletRequest,javax.servlet.http.HttpServletResponse) throws java.lang.Exception
2017-31-07 08:31:51 EDT|INFO |o.s.b.actuate.endpoint.mvc.EndpointHandlerMapping  - Mapped "{[/health || /health.json],methods=[GET],produces=[application/vnd.spring-boot.actuator.v1+json || application/json]}" onto public java.lang.Object org.springframework.boot.actuate.endpoint.mvc.HealthMvcEndpoint.invoke(javax.servlet.http.HttpServletRequest,java.security.Principal)
2017-31-07 08:31:51 EDT|INFO |o.s.b.actuate.endpoint.mvc.EndpointHandlerMapping  - Mapped "{[/routes || /routes.json],methods=[POST]}" onto public java.util.Map<java.lang.String, java.lang.String> org.springframework.cloud.netflix.zuul.RoutesEndpoint.reset()
2017-31-07 08:31:51 EDT|INFO |o.s.b.actuate.endpoint.mvc.EndpointHandlerMapping  - Mapped "{[/routes || /routes.json],methods=[GET]}" onto public java.util.Map<java.lang.String, java.lang.String> org.springframework.cloud.netflix.zuul.RoutesEndpoint.getRoutes()
2017-31-07 08:31:51 EDT|INFO |o.s.b.actuate.endpoint.mvc.EndpointHandlerMapping  - Mapped "{[/loggers/{name:.*}],methods=[GET],produces=[application/vnd.spring-boot.actuator.v1+json || application/json]}" onto public java.lang.Object org.springframework.boot.actuate.endpoint.mvc.LoggersMvcEndpoint.get(java.lang.String)
2017-31-07 08:31:51 EDT|INFO |o.s.b.actuate.endpoint.mvc.EndpointHandlerMapping  - Mapped "{[/loggers/{name:.*}],methods=[POST],consumes=[application/vnd.spring-boot.actuator.v1+json || application/json],produces=[application/vnd.spring-boot.actuator.v1+json || application/json]}" onto public java.lang.Object org.springframework.boot.actuate.endpoint.mvc.LoggersMvcEndpoint.set(java.lang.String,java.util.Map<java.lang.String, java.lang.String>)
2017-31-07 08:31:51 EDT|INFO |o.s.b.actuate.endpoint.mvc.EndpointHandlerMapping  - Mapped "{[/loggers || /loggers.json],methods=[GET],produces=[application/vnd.spring-boot.actuator.v1+json || application/json]}" onto public java.lang.Object org.springframework.boot.actuate.endpoint.mvc.EndpointMvcAdapter.invoke()
2017-31-07 08:31:51 EDT|INFO |o.s.b.actuate.endpoint.mvc.EndpointHandlerMapping  - Mapped "{[/info || /info.json],methods=[GET],produces=[application/vnd.spring-boot.actuator.v1+json || application/json]}" onto public java.lang.Object org.springframework.boot.actuate.endpoint.mvc.EndpointMvcAdapter.invoke()
2017-31-07 08:31:51 EDT|INFO |o.s.b.actuate.endpoint.mvc.EndpointHandlerMapping  - Mapped "{[/autoconfig || /autoconfig.json],methods=[GET],produces=[application/vnd.spring-boot.actuator.v1+json || application/json]}" onto public java.lang.Object org.springframework.boot.actuate.endpoint.mvc.EndpointMvcAdapter.invoke()
2017-31-07 08:31:51 EDT|INFO |o.s.b.actuate.endpoint.mvc.EndpointHandlerMapping  - Mapped "{[/auditevents || /auditevents.json],methods=[GET],produces=[application/vnd.spring-boot.actuator.v1+json || application/json]}" onto public org.springframework.http.ResponseEntity<?> org.springframework.boot.actuate.endpoint.mvc.AuditEventsMvcEndpoint.findByPrincipalAndAfterAndType(java.lang.String,java.util.Date,java.lang.String)
2017-31-07 08:31:51 EDT|INFO |o.s.b.actuate.endpoint.mvc.EndpointHandlerMapping  - Mapped "{[/mappings || /mappings.json],methods=[GET],produces=[application/vnd.spring-boot.actuator.v1+json || application/json]}" onto public java.lang.Object org.springframework.boot.actuate.endpoint.mvc.EndpointMvcAdapter.invoke()
2017-31-07 08:31:51 EDT|INFO |o.s.b.actuate.endpoint.mvc.EndpointHandlerMapping  - Mapped "{[/pause || /pause.json],methods=[POST]}" onto public java.lang.Object org.springframework.cloud.endpoint.GenericPostableMvcEndpoint.invoke()
2017-31-07 08:31:51 EDT|INFO |o.s.b.actuate.endpoint.mvc.EndpointHandlerMapping  - Mapped "{[/beans || /beans.json],methods=[GET],produces=[application/vnd.spring-boot.actuator.v1+json || application/json]}" onto public java.lang.Object org.springframework.boot.actuate.endpoint.mvc.EndpointMvcAdapter.invoke()
2017-31-07 08:31:51 EDT|INFO |o.s.b.actuate.endpoint.mvc.EndpointHandlerMapping  - Mapped "{[/restart || /restart.json],methods=[POST]}" onto public java.lang.Object org.springframework.cloud.context.restart.RestartMvcEndpoint.invoke()
2017-31-07 08:31:51 EDT|INFO |o.s.b.actuate.endpoint.mvc.EndpointHandlerMapping  - Mapped "{[/heapdump || /heapdump.json],methods=[GET],produces=[application/octet-stream]}" onto public void org.springframework.boot.actuate.endpoint.mvc.HeapdumpMvcEndpoint.invoke(boolean,javax.servlet.http.HttpServletRequest,javax.servlet.http.HttpServletResponse) throws java.io.IOException,javax.servlet.ServletException
2017-31-07 08:31:51 EDT|INFO |o.s.b.actuate.endpoint.mvc.EndpointHandlerMapping  - Mapped "{[/env/{name:.*}],methods=[GET],produces=[application/vnd.spring-boot.actuator.v1+json || application/json]}" onto public java.lang.Object org.springframework.boot.actuate.endpoint.mvc.EnvironmentMvcEndpoint.value(java.lang.String)
2017-31-07 08:31:51 EDT|INFO |o.s.b.actuate.endpoint.mvc.EndpointHandlerMapping  - Mapped "{[/env || /env.json],methods=[GET],produces=[application/vnd.spring-boot.actuator.v1+json || application/json]}" onto public java.lang.Object org.springframework.boot.actuate.endpoint.mvc.EndpointMvcAdapter.invoke()
2017-31-07 08:31:51 EDT|INFO |o.s.b.actuate.endpoint.mvc.EndpointHandlerMapping  - Mapped "{[/trace || /trace.json],methods=[GET],produces=[application/vnd.spring-boot.actuator.v1+json || application/json]}" onto public java.lang.Object org.springframework.boot.actuate.endpoint.mvc.EndpointMvcAdapter.invoke()
2017-31-07 08:31:51 EDT|INFO |o.s.b.actuate.endpoint.mvc.EndpointHandlerMapping  - Mapped "{[/dump || /dump.json],methods=[GET],produces=[application/vnd.spring-boot.actuator.v1+json || application/json]}" onto public java.lang.Object org.springframework.boot.actuate.endpoint.mvc.EndpointMvcAdapter.invoke()
2017-31-07 08:31:51 EDT|INFO |o.s.b.actuate.endpoint.mvc.EndpointHandlerMapping  - Mapped "{[/metrics/{name:.*}],methods=[GET],produces=[application/vnd.spring-boot.actuator.v1+json || application/json]}" onto public java.lang.Object org.springframework.boot.actuate.endpoint.mvc.MetricsMvcEndpoint.value(java.lang.String)
2017-31-07 08:31:51 EDT|INFO |o.s.b.actuate.endpoint.mvc.EndpointHandlerMapping  - Mapped "{[/metrics || /metrics.json],methods=[GET],produces=[application/vnd.spring-boot.actuator.v1+json || application/json]}" onto public java.lang.Object org.springframework.boot.actuate.endpoint.mvc.EndpointMvcAdapter.invoke()
2017-31-07 08:31:51 EDT|INFO |o.s.b.actuate.endpoint.mvc.EndpointHandlerMapping  - Mapped "{[/refresh || /refresh.json],methods=[POST]}" onto public java.lang.Object org.springframework.cloud.endpoint.GenericPostableMvcEndpoint.invoke()
2017-31-07 08:31:51 EDT|INFO |o.s.b.actuate.endpoint.mvc.EndpointHandlerMapping  - Mapped "{[/env],methods=[POST]}" onto public java.lang.Object org.springframework.cloud.context.environment.EnvironmentManagerMvcEndpoint.value(java.util.Map<java.lang.String, java.lang.String>)
2017-31-07 08:31:51 EDT|INFO |o.s.b.actuate.endpoint.mvc.EndpointHandlerMapping  - Mapped "{[/env/reset],methods=[POST]}" onto public java.util.Map<java.lang.String, java.lang.Object> org.springframework.cloud.context.environment.EnvironmentManagerMvcEndpoint.reset()
2017-31-07 08:31:51 EDT|INFO |o.s.b.actuate.endpoint.mvc.EndpointHandlerMapping  - Mapped "{[/resume || /resume.json],methods=[POST]}" onto public java.lang.Object org.springframework.cloud.endpoint.GenericPostableMvcEndpoint.invoke()
2017-31-07 08:31:51 EDT|INFO |o.s.b.actuate.endpoint.mvc.EndpointHandlerMapping  - Mapped "{[/archaius || /archaius.json],methods=[GET],produces=[application/vnd.spring-boot.actuator.v1+json || application/json]}" onto public java.lang.Object org.springframework.boot.actuate.endpoint.mvc.EndpointMvcAdapter.invoke()
2017-31-07 08:31:51 EDT|INFO |o.s.b.actuate.endpoint.mvc.EndpointHandlerMapping  - Mapped "{[/configprops || /configprops.json],methods=[GET],produces=[application/vnd.spring-boot.actuator.v1+json || application/json]}" onto public java.lang.Object org.springframework.boot.actuate.endpoint.mvc.EndpointMvcAdapter.invoke()
2017-31-07 08:31:51 EDT|WARN |o.s.b.c.e.AnnotationConfigEmbeddedWebApplicationContext - Exception encountered during context initialization - cancelling refresh attempt: org.springframework.beans.factory.BeanCreationException: Error creating bean with name 'enableRedisKeyspaceNotificationsInitializer' defined in class path resource [org/springframework/boot/autoconfigure/session/RedisSessionConfiguration$SpringBootRedisHttpSessionConfiguration.class]: Invocation of init method failed; nested exception is org.springframework.data.redis.RedisConnectionFailureException: Cannot get Jedis connection; nested exception is redis.clients.jedis.exceptions.JedisConnectionException: Could not get a resource from the pool
2017-31-07 08:31:51 EDT|INFO |o.s.cloud.netflix.zuul.ZuulFilterInitializer       - Stopping filter initializer context listener
2017-31-07 08:31:51 EDT|INFO |o.s.b.a.l.AutoConfigurationReportLoggingInitializer - 

Error starting ApplicationContext. To display the auto-configuration report re-run your application with 'debug' enabled.
2017-31-07 08:31:51 EDT|ERROR|org.springframework.boot.SpringApplication         - Application startup failed
org.springframework.beans.factory.BeanCreationException: Error creating bean with name 'enableRedisKeyspaceNotificationsInitializer' defined in class path resource [org/springframework/boot/autoconfigure/session/RedisSessionConfiguration$SpringBootRedisHttpSessionConfiguration.class]: Invocation of init method failed; nested exception is org.springframework.data.redis.RedisConnectionFailureException: Cannot get Jedis connection; nested exception is redis.clients.jedis.exceptions.JedisConnectionException: Could not get a resource from the pool
	at org.springframework.beans.factory.support.AbstractAutowireCapableBeanFactory.initializeBean(AbstractAutowireCapableBeanFactory.java:1628)
	at org.springframework.beans.factory.support.AbstractAutowireCapableBeanFactory.doCreateBean(AbstractAutowireCapableBeanFactory.java:555)
	at org.springframework.beans.factory.support.AbstractAutowireCapableBeanFactory.createBean(AbstractAutowireCapableBeanFactory.java:483)
	at org.springframework.beans.factory.support.AbstractBeanFactory$1.getObject(AbstractBeanFactory.java:306)
	at org.springframework.beans.factory.support.DefaultSingletonBeanRegistry.getSingleton(DefaultSingletonBeanRegistry.java:230)
	at org.springframework.beans.factory.support.AbstractBeanFactory.doGetBean(AbstractBeanFactory.java:302)
	at org.springframework.beans.factory.support.AbstractBeanFactory.getBean(AbstractBeanFactory.java:197)
	at org.springframework.beans.factory.support.DefaultListableBeanFactory.preInstantiateSingletons(DefaultListableBeanFactory.java:761)
	at org.springframework.context.support.AbstractApplicationContext.finishBeanFactoryInitialization(AbstractApplicationContext.java:866)
	at org.springframework.context.support.AbstractApplicationContext.refresh(AbstractApplicationContext.java:542)
	at org.springframework.boot.context.embedded.EmbeddedWebApplicationContext.refresh(EmbeddedWebApplicationContext.java:122)
	at org.springframework.boot.SpringApplication.refresh(SpringApplication.java:737)
	at org.springframework.boot.SpringApplication.refreshContext(SpringApplication.java:370)
	at org.springframework.boot.SpringApplication.run(SpringApplication.java:314)
	at org.springframework.boot.test.context.SpringBootContextLoader.loadContext(SpringBootContextLoader.java:120)
	at org.springframework.test.context.cache.DefaultCacheAwareContextLoaderDelegate.loadContextInternal(DefaultCacheAwareContextLoaderDelegate.java:98)
	at org.springframework.test.context.cache.DefaultCacheAwareContextLoaderDelegate.loadContext(DefaultCacheAwareContextLoaderDelegate.java:116)
	at org.springframework.test.context.support.DefaultTestContext.getApplicationContext(DefaultTestContext.java:83)
	at org.springframework.test.context.support.DependencyInjectionTestExecutionListener.injectDependencies(DependencyInjectionTestExecutionListener.java:117)
	at org.springframework.test.context.support.DependencyInjectionTestExecutionListener.prepareTestInstance(DependencyInjectionTestExecutionListener.java:83)
	at org.springframework.boot.test.autoconfigure.SpringBootDependencyInjectionTestExecutionListener.prepareTestInstance(SpringBootDependencyInjectionTestExecutionListener.java:44)
	at org.springframework.test.context.TestContextManager.prepareTestInstance(TestContextManager.java:230)
	at org.springframework.test.context.junit4.SpringJUnit4ClassRunner.createTest(SpringJUnit4ClassRunner.java:228)
	at org.springframework.test.context.junit4.SpringJUnit4ClassRunner$1.runReflectiveCall(SpringJUnit4ClassRunner.java:287)
	at org.junit.internal.runners.model.ReflectiveCallable.run(ReflectiveCallable.java:12)
	at org.springframework.test.context.junit4.SpringJUnit4ClassRunner.methodBlock(SpringJUnit4ClassRunner.java:289)
	at org.springframework.test.context.junit4.SpringJUnit4ClassRunner.runChild(SpringJUnit4ClassRunner.java:247)
	at org.springframework.test.context.junit4.SpringJUnit4ClassRunner.runChild(SpringJUnit4ClassRunner.java:94)
	at org.junit.runners.ParentRunner$3.run(ParentRunner.java:290)
	at org.junit.runners.ParentRunner$1.schedule(ParentRunner.java:71)
	at org.junit.runners.ParentRunner.runChildren(ParentRunner.java:288)
	at org.junit.runners.ParentRunner.access$000(ParentRunner.java:58)
	at org.junit.runners.ParentRunner$2.evaluate(ParentRunner.java:268)
	at org.springframework.test.context.junit4.statements.RunBeforeTestClassCallbacks.evaluate(RunBeforeTestClassCallbacks.java:61)
	at org.springframework.test.context.junit4.statements.RunAfterTestClassCallbacks.evaluate(RunAfterTestClassCallbacks.java:70)
	at org.junit.runners.ParentRunner.run(ParentRunner.java:363)
	at org.springframework.test.context.junit4.SpringJUnit4ClassRunner.run(SpringJUnit4ClassRunner.java:191)
	at org.apache.maven.surefire.junit4.JUnit4Provider.execute(JUnit4Provider.java:283)
	at org.apache.maven.surefire.junit4.JUnit4Provider.executeWithRerun(JUnit4Provider.java:173)
	at org.apache.maven.surefire.junit4.JUnit4Provider.executeTestSet(JUnit4Provider.java:153)
	at org.apache.maven.surefire.junit4.JUnit4Provider.invoke(JUnit4Provider.java:128)
	at org.apache.maven.surefire.booter.ForkedBooter.invokeProviderInSameClassLoader(ForkedBooter.java:203)
	at org.apache.maven.surefire.booter.ForkedBooter.runSuitesInProcess(ForkedBooter.java:155)
	at org.apache.maven.surefire.booter.ForkedBooter.main(ForkedBooter.java:103)
Caused by: org.springframework.data.redis.RedisConnectionFailureException: Cannot get Jedis connection; nested exception is redis.clients.jedis.exceptions.JedisConnectionException: Could not get a resource from the pool
	at org.springframework.data.redis.connection.jedis.JedisConnectionFactory.fetchJedisConnector(JedisConnectionFactory.java:204)
	at org.springframework.data.redis.connection.jedis.JedisConnectionFactory.getConnection(JedisConnectionFactory.java:348)
	at org.springframework.session.data.redis.config.annotation.web.http.RedisHttpSessionConfiguration$EnableRedisKeyspaceNotificationsInitializer.afterPropertiesSet(RedisHttpSessionConfiguration.java:249)
	at org.springframework.beans.factory.support.AbstractAutowireCapableBeanFactory.invokeInitMethods(AbstractAutowireCapableBeanFactory.java:1687)
	at org.springframework.beans.factory.support.AbstractAutowireCapableBeanFactory.initializeBean(AbstractAutowireCapableBeanFactory.java:1624)
	... 43 common frames omitted
Caused by: redis.clients.jedis.exceptions.JedisConnectionException: Could not get a resource from the pool
	at redis.clients.util.Pool.getResource(Pool.java:53)
	at redis.clients.jedis.JedisPool.getResource(JedisPool.java:226)
	at redis.clients.jedis.JedisPool.getResource(JedisPool.java:16)
	at org.springframework.data.redis.connection.jedis.JedisConnectionFactory.fetchJedisConnector(JedisConnectionFactory.java:194)
	... 47 common frames omitted
Caused by: redis.clients.jedis.exceptions.JedisConnectionException: java.net.ConnectException: Connection refused (Connection refused)
	at redis.clients.jedis.Connection.connect(Connection.java:207)
	at redis.clients.jedis.BinaryClient.connect(BinaryClient.java:93)
	at redis.clients.jedis.BinaryJedis.connect(BinaryJedis.java:1767)
	at redis.clients.jedis.JedisFactory.makeObject(JedisFactory.java:106)
	at org.apache.commons.pool2.impl.GenericObjectPool.create(GenericObjectPool.java:868)
	at org.apache.commons.pool2.impl.GenericObjectPool.borrowObject(GenericObjectPool.java:435)
	at org.apache.commons.pool2.impl.GenericObjectPool.borrowObject(GenericObjectPool.java:363)
	at redis.clients.util.Pool.getResource(Pool.java:49)
	... 50 common frames omitted
Caused by: java.net.ConnectException: Connection refused (Connection refused)
	at java.net.PlainSocketImpl.socketConnect(Native Method)
	at java.net.AbstractPlainSocketImpl.doConnect(AbstractPlainSocketImpl.java:350)
	at java.net.AbstractPlainSocketImpl.connectToAddress(AbstractPlainSocketImpl.java:206)
	at java.net.AbstractPlainSocketImpl.connect(AbstractPlainSocketImpl.java:188)
	at java.net.SocksSocketImpl.connect(SocksSocketImpl.java:392)
	at java.net.Socket.connect(Socket.java:589)
	at redis.clients.jedis.Connection.connect(Connection.java:184)
	... 57 common frames omitted
2017-31-07 08:37:26 EDT|INFO |c.h.gateway.ApiGatewayApplicationTests             - The following profiles are active: local
2017-31-07 08:37:26 EDT|INFO |o.s.b.c.e.AnnotationConfigEmbeddedWebApplicationContext - Refreshing org.springframework.boot.context.embedded.AnnotationConfigEmbeddedWebApplicationContext@4beddc56: startup date [Mon Jul 31 08:37:26 EDT 2017]; parent: org.springframework.context.annotation.AnnotationConfigApplicationContext@327bcebd
2017-31-07 08:37:26 EDT|INFO |o.s.b.factory.support.DefaultListableBeanFactory   - Overriding bean definition for bean 'customAuthenticationProvider' with a different definition: replacing [Generic bean: class [com.healthesystems.gateway.security.CustomAuthenticationProvider]; scope=singleton; abstract=false; lazyInit=false; autowireMode=0; dependencyCheck=0; autowireCandidate=true; primary=false; factoryBeanName=null; factoryMethodName=null; initMethodName=null; destroyMethodName=null; defined in file [/Users/bribeiro/code/SOT/ABM-DM/internal-gateway/target/classes/com/healthesystems/gateway/security/CustomAuthenticationProvider.class]] with [Root bean: class [null]; scope=; abstract=false; lazyInit=false; autowireMode=3; dependencyCheck=0; autowireCandidate=true; primary=false; factoryBeanName=securityConfig; factoryMethodName=customAuthenticationProvider; initMethodName=null; destroyMethodName=(inferred); defined in class path resource [com/healthesystems/gateway/config/SecurityConfig.class]]
2017-31-07 08:37:26 EDT|INFO |o.s.b.factory.support.DefaultListableBeanFactory   - Overriding bean definition for bean 'hystrixFeature' with a different definition: replacing [Root bean: class [null]; scope=; abstract=false; lazyInit=false; autowireMode=3; dependencyCheck=0; autowireCandidate=true; primary=false; factoryBeanName=org.springframework.cloud.netflix.hystrix.HystrixCircuitBreakerConfiguration$HystrixWebConfiguration; factoryMethodName=hystrixFeature; initMethodName=null; destroyMethodName=(inferred); defined in class path resource [org/springframework/cloud/netflix/hystrix/HystrixCircuitBreakerConfiguration$HystrixWebConfiguration.class]] with [Root bean: class [null]; scope=; abstract=false; lazyInit=false; autowireMode=3; dependencyCheck=0; autowireCandidate=true; primary=false; factoryBeanName=org.springframework.cloud.netflix.hystrix.HystrixCircuitBreakerConfiguration; factoryMethodName=hystrixFeature; initMethodName=null; destroyMethodName=(inferred); defined in class path resource [org/springframework/cloud/netflix/hystrix/HystrixCircuitBreakerConfiguration.class]]
2017-31-07 08:37:27 EDT|INFO |o.s.d.r.config.RepositoryConfigurationDelegate     - Multiple Spring Data modules found, entering strict repository configuration mode!
2017-31-07 08:37:27 EDT|INFO |o.s.b.factory.support.DefaultListableBeanFactory   - Overriding bean definition for bean 'propertySourcesPlaceholderConfigurer' with a different definition: replacing [Root bean: class [org.springframework.boot.autoconfigure.context.PropertyPlaceholderAutoConfiguration]; scope=; abstract=false; lazyInit=false; autowireMode=3; dependencyCheck=0; autowireCandidate=true; primary=false; factoryBeanName=null; factoryMethodName=propertySourcesPlaceholderConfigurer; initMethodName=null; destroyMethodName=(inferred); defined in class path resource [org/springframework/boot/autoconfigure/context/PropertyPlaceholderAutoConfiguration.class]] with [Root bean: class [org.springframework.boot.autoconfigure.session.RedisSessionConfiguration$SpringBootRedisHttpSessionConfiguration]; scope=; abstract=false; lazyInit=false; autowireMode=3; dependencyCheck=0; autowireCandidate=true; primary=false; factoryBeanName=null; factoryMethodName=propertySourcesPlaceholderConfigurer; initMethodName=null; destroyMethodName=(inferred); defined in class path resource [org/springframework/boot/autoconfigure/session/RedisSessionConfiguration$SpringBootRedisHttpSessionConfiguration.class]]
2017-31-07 08:37:27 EDT|WARN |o.s.c.annotation.ConfigurationClassPostProcessor   - Cannot enhance @Configuration bean definition 'refreshScope' since its singleton instance has been created too early. The typical cause is a non-static @Bean method with a BeanDefinitionRegistryPostProcessor return type: Consider declaring such methods as 'static'.
2017-31-07 08:37:27 EDT|INFO |o.springframework.cloud.context.scope.GenericScope - BeanFactory id=95b09f9a-02ce-3c5b-92bd-f53aa37d0dba
2017-31-07 08:37:27 EDT|INFO |o.s.b.f.a.AutowiredAnnotationBeanPostProcessor     - JSR-330 'javax.inject.Inject' annotation found and supported for autowiring
2017-31-07 08:37:27 EDT|INFO |o.s.c.s.PostProcessorRegistrationDelegate$BeanPostProcessorChecker - Bean 'org.springframework.transaction.annotation.ProxyTransactionManagementConfiguration' of type [org.springframework.transaction.annotation.ProxyTransactionManagementConfiguration$$EnhancerBySpringCGLIB$$cdd8c2b1] is not eligible for getting processed by all BeanPostProcessors (for example: not eligible for auto-proxying)
2017-31-07 08:37:27 EDT|INFO |o.s.c.s.PostProcessorRegistrationDelegate$BeanPostProcessorChecker - Bean 'org.springframework.cloud.autoconfigure.ConfigurationPropertiesRebinderAutoConfiguration' of type [org.springframework.cloud.autoconfigure.ConfigurationPropertiesRebinderAutoConfiguration$$EnhancerBySpringCGLIB$$e9f2c5ae] is not eligible for getting processed by all BeanPostProcessors (for example: not eligible for auto-proxying)
2017-31-07 08:37:28 EDT|INFO |o.s.b.c.e.tomcat.TomcatEmbeddedServletContainer    - Tomcat initialized with port(s): 0 (http)
2017-31-07 08:37:28 EDT|INFO |org.springframework.web.context.ContextLoader      - Root WebApplicationContext: initialization completed in 1739 ms
2017-31-07 08:37:28 EDT|WARN |com.netflix.config.sources.URLConfigurationSource  - No URLs will be polled as dynamic configuration sources.
2017-31-07 08:37:29 EDT|INFO |o.s.boot.web.servlet.FilterRegistrationBean        - Mapping filter: 'metricsFilter' to: [/*]
2017-31-07 08:37:29 EDT|INFO |o.s.boot.web.servlet.FilterRegistrationBean        - Mapping filter: 'characterEncodingFilter' to: [/*]
2017-31-07 08:37:29 EDT|INFO |o.s.boot.web.servlet.FilterRegistrationBean        - Mapping filter: 'springSessionRepositoryFilter' to: [/*]
2017-31-07 08:37:29 EDT|INFO |o.s.boot.web.servlet.FilterRegistrationBean        - Mapping filter: 'hiddenHttpMethodFilter' to: [/*]
2017-31-07 08:37:29 EDT|INFO |o.s.boot.web.servlet.FilterRegistrationBean        - Mapping filter: 'httpPutFormContentFilter' to: [/*]
2017-31-07 08:37:29 EDT|INFO |o.s.boot.web.servlet.FilterRegistrationBean        - Mapping filter: 'requestContextFilter' to: [/*]
2017-31-07 08:37:29 EDT|INFO |o.s.b.w.s.DelegatingFilterProxyRegistrationBean    - Mapping filter: 'springSecurityFilterChain' to: [/*]
2017-31-07 08:37:29 EDT|INFO |o.s.boot.web.servlet.FilterRegistrationBean        - Mapping filter: 'webRequestLoggingFilter' to: [/*]
2017-31-07 08:37:29 EDT|INFO |o.s.boot.web.servlet.FilterRegistrationBean        - Mapping filter: 'delegatingFilterProxy' to urls: [/*]
2017-31-07 08:37:29 EDT|INFO |o.s.boot.web.servlet.FilterRegistrationBean        - Mapping filter: 'applicationContextIdFilter' to: [/*]
2017-31-07 08:37:29 EDT|INFO |o.s.boot.web.servlet.ServletRegistrationBean       - Mapping servlet: 'zuulServlet' to [/zuul/*]
2017-31-07 08:37:29 EDT|INFO |o.s.boot.web.servlet.ServletRegistrationBean       - Mapping servlet: 'dispatcherServlet' to [/]
2017-31-07 08:37:29 EDT|INFO |o.s.cloud.netflix.zuul.ZuulFilterInitializer       - Starting filter initializer context listener
2017-31-07 08:37:30 EDT|INFO |o.s.w.s.m.m.a.RequestMappingHandlerAdapter         - Looking for @ControllerAdvice: org.springframework.boot.context.embedded.AnnotationConfigEmbeddedWebApplicationContext@4beddc56: startup date [Mon Jul 31 08:37:26 EDT 2017]; parent: org.springframework.context.annotation.AnnotationConfigApplicationContext@327bcebd
2017-31-07 08:37:30 EDT|INFO |o.s.w.s.m.m.a.RequestMappingHandlerMapping         - Mapped "{[/user]}" onto public java.util.Map<java.lang.String, java.lang.Object> com.healthesystems.gateway.ApiGatewayApplication.user(java.security.Principal)
2017-31-07 08:37:30 EDT|INFO |o.s.w.s.m.m.a.RequestMappingHandlerMapping         - Mapped "{[/error]}" onto public org.springframework.http.ResponseEntity<java.util.Map<java.lang.String, java.lang.Object>> org.springframework.boot.autoconfigure.web.BasicErrorController.error(javax.servlet.http.HttpServletRequest)
2017-31-07 08:37:30 EDT|INFO |o.s.w.s.m.m.a.RequestMappingHandlerMapping         - Mapped "{[/error],produces=[text/html]}" onto public org.springframework.web.servlet.ModelAndView org.springframework.boot.autoconfigure.web.BasicErrorController.errorHtml(javax.servlet.http.HttpServletRequest,javax.servlet.http.HttpServletResponse)
2017-31-07 08:37:30 EDT|INFO |o.s.web.servlet.handler.SimpleUrlHandlerMapping    - Mapped URL path [/login] onto handler of type [class org.springframework.web.servlet.mvc.ParameterizableViewController]
2017-31-07 08:37:30 EDT|INFO |o.s.web.servlet.handler.SimpleUrlHandlerMapping    - Mapped URL path [/webjars/**] onto handler of type [class org.springframework.web.servlet.resource.ResourceHttpRequestHandler]
2017-31-07 08:37:30 EDT|INFO |o.s.web.servlet.handler.SimpleUrlHandlerMapping    - Mapped URL path [/**] onto handler of type [class org.springframework.web.servlet.resource.ResourceHttpRequestHandler]
2017-31-07 08:37:30 EDT|INFO |o.s.web.servlet.handler.SimpleUrlHandlerMapping    - Mapped URL path [/**/favicon.ico] onto handler of type [class org.springframework.web.servlet.resource.ResourceHttpRequestHandler]
2017-31-07 08:37:31 EDT|DEBUG|o.s.s.c.a.a.c.AuthenticationConfiguration$EnableGlobalAuthenticationAutowiredConfigurer - Eagerly initializing {org.springframework.boot.autoconfigure.security.SpringBootWebSecurityConfiguration=org.springframework.boot.autoconfigure.security.SpringBootWebSecurityConfiguration$$EnhancerBySpringCGLIB$$15cd8759@5d3f8661}
2017-31-07 08:37:31 EDT|INFO |o.s.security.web.DefaultSecurityFilterChain        - Creating filter chain: OrRequestMatcher [requestMatchers=[Ant [pattern='/css/**'], Ant [pattern='/js/**'], Ant [pattern='/images/**'], Ant [pattern='/webjars/**'], Ant [pattern='/**/favicon.ico'], Ant [pattern='/error']]], []
2017-31-07 08:37:31 EDT|INFO |o.s.security.web.DefaultSecurityFilterChain        - Creating filter chain: Ant [pattern='/resources/**'], []
2017-31-07 08:37:31 EDT|DEBUG|o.s.s.w.a.e.ExpressionBasedFilterInvocationSecurityMetadataSource - Adding web access control expression 'authenticated', for org.springframework.boot.actuate.autoconfigure.ManagementWebSecurityAutoConfiguration$LazyEndpointPathRequestMatcher@796fe2b5
2017-31-07 08:37:31 EDT|DEBUG|o.s.s.w.a.e.ExpressionBasedFilterInvocationSecurityMetadataSource - Adding web access control expression 'permitAll', for org.springframework.boot.actuate.autoconfigure.ManagementWebSecurityAutoConfiguration$LazyEndpointPathRequestMatcher@5a6af2c4
2017-31-07 08:37:31 EDT|DEBUG|o.s.s.w.access.intercept.FilterSecurityInterceptor - Validated configuration attributes
2017-31-07 08:37:31 EDT|DEBUG|o.s.s.w.access.intercept.FilterSecurityInterceptor - Validated configuration attributes
2017-31-07 08:37:31 EDT|INFO |o.s.security.web.DefaultSecurityFilterChain        - Creating filter chain: org.springframework.boot.actuate.autoconfigure.ManagementWebSecurityAutoConfiguration$LazyEndpointPathRequestMatcher@4fbc516f, [org.springframework.security.web.context.request.async.WebAsyncManagerIntegrationFilter@1acc768, org.springframework.security.web.context.SecurityContextPersistenceFilter@418d1c03, org.springframework.security.web.header.HeaderWriterFilter@18ff1520, org.springframework.security.web.authentication.logout.LogoutFilter@6109d880, org.springframework.security.web.authentication.www.BasicAuthenticationFilter@7b5c9412, org.springframework.security.web.savedrequest.RequestCacheAwareFilter@20171cdc, org.springframework.security.web.servletapi.SecurityContextHolderAwareRequestFilter@b68932b, org.springframework.security.web.authentication.AnonymousAuthenticationFilter@25765a49, org.springframework.security.web.session.SessionManagementFilter@237cd264, org.springframework.security.web.access.ExceptionTranslationFilter@4cded2cd, org.springframework.security.web.access.intercept.FilterSecurityInterceptor@7db06c50]
2017-31-07 08:37:31 EDT|DEBUG|o.s.s.w.a.e.ExpressionBasedFilterInvocationSecurityMetadataSource - Adding web access control expression 'permitAll', for ExactUrl [processUrl='/login?error']
2017-31-07 08:37:31 EDT|DEBUG|o.s.s.w.a.e.ExpressionBasedFilterInvocationSecurityMetadataSource - Adding web access control expression 'permitAll', for ExactUrl [processUrl='/login']
2017-31-07 08:37:31 EDT|DEBUG|o.s.s.w.a.e.ExpressionBasedFilterInvocationSecurityMetadataSource - Adding web access control expression 'permitAll', for ExactUrl [processUrl='/login']
2017-31-07 08:37:31 EDT|DEBUG|o.s.s.w.a.e.ExpressionBasedFilterInvocationSecurityMetadataSource - Adding web access control expression 'permitAll', for OrRequestMatcher [requestMatchers=[Ant [pattern='/logout', GET], Ant [pattern='/logout', POST], Ant [pattern='/logout', PUT], Ant [pattern='/logout', DELETE]]]
2017-31-07 08:37:31 EDT|DEBUG|o.s.s.w.a.e.ExpressionBasedFilterInvocationSecurityMetadataSource - Adding web access control expression 'permitAll', for ExactUrl [processUrl='/login?logout']
2017-31-07 08:37:31 EDT|DEBUG|o.s.s.w.a.e.ExpressionBasedFilterInvocationSecurityMetadataSource - Adding web access control expression 'authenticated', for org.springframework.security.web.util.matcher.AnyRequestMatcher@1
2017-31-07 08:37:31 EDT|DEBUG|o.s.s.w.access.intercept.FilterSecurityInterceptor - Validated configuration attributes
2017-31-07 08:37:31 EDT|DEBUG|o.s.s.w.access.intercept.FilterSecurityInterceptor - Validated configuration attributes
2017-31-07 08:37:31 EDT|INFO |o.s.security.web.DefaultSecurityFilterChain        - Creating filter chain: org.springframework.security.web.util.matcher.AnyRequestMatcher@1, [org.springframework.security.web.context.request.async.WebAsyncManagerIntegrationFilter@46748b04, org.springframework.security.web.context.SecurityContextPersistenceFilter@40c0437f, org.springframework.security.web.header.HeaderWriterFilter@146db8a6, org.springframework.security.web.authentication.logout.LogoutFilter@2d3111a1, org.springframework.security.web.authentication.UsernamePasswordAuthenticationFilter@50ef2906, org.springframework.security.web.authentication.www.BasicAuthenticationFilter@6f2864c3, org.springframework.security.web.savedrequest.RequestCacheAwareFilter@78b8f818, org.springframework.security.web.servletapi.SecurityContextHolderAwareRequestFilter@1e9d721, org.springframework.security.web.authentication.AnonymousAuthenticationFilter@3e71a1f8, org.springframework.security.web.session.SessionManagementFilter@2a20da9f, org.springframework.security.web.access.ExceptionTranslationFilter@7cd8831c, org.springframework.security.web.access.intercept.FilterSecurityInterceptor@1eb7ec59]
2017-31-07 08:37:31 EDT|DEBUG|o.s.s.w.a.e.ExpressionBasedFilterInvocationSecurityMetadataSource - Adding web access control expression 'hasAnyRole('ROLE_USER','ROLE_ACTUATOR')', for org.springframework.security.web.util.matcher.AnyRequestMatcher@1
2017-31-07 08:37:31 EDT|DEBUG|o.s.s.w.access.intercept.FilterSecurityInterceptor - Validated configuration attributes
2017-31-07 08:37:31 EDT|DEBUG|o.s.s.w.access.intercept.FilterSecurityInterceptor - Validated configuration attributes
2017-31-07 08:37:31 EDT|INFO |o.s.security.web.DefaultSecurityFilterChain        - Creating filter chain: OrRequestMatcher [requestMatchers=[Ant [pattern='/**']]], [org.springframework.security.web.context.request.async.WebAsyncManagerIntegrationFilter@73e93c3a, org.springframework.security.web.context.SecurityContextPersistenceFilter@54e06788, org.springframework.security.web.header.HeaderWriterFilter@706d2bae, org.springframework.security.web.authentication.logout.LogoutFilter@4e45fbd0, org.springframework.security.web.authentication.www.BasicAuthenticationFilter@19ce19b7, org.springframework.security.web.savedrequest.RequestCacheAwareFilter@4e789704, org.springframework.security.web.servletapi.SecurityContextHolderAwareRequestFilter@5751e53e, org.springframework.security.web.authentication.AnonymousAuthenticationFilter@1835b783, org.springframework.security.web.session.SessionManagementFilter@3205610d, org.springframework.security.web.access.ExceptionTranslationFilter@37c5b8e8, org.springframework.security.web.access.intercept.FilterSecurityInterceptor@43b45ce4]
2017-31-07 08:37:31 EDT|INFO |o.s.ldap.core.support.AbstractContextSource        - Property 'userDn' not set - anonymous context will be used for read-write operations
2017-31-07 08:37:31 EDT|INFO |o.s.b.actuate.endpoint.mvc.EndpointHandlerMapping  - Mapped "{[/routes || /routes.json],methods=[POST]}" onto public java.util.Map<java.lang.String, java.lang.String> org.springframework.cloud.netflix.zuul.RoutesEndpoint.reset()
2017-31-07 08:37:31 EDT|INFO |o.s.b.actuate.endpoint.mvc.EndpointHandlerMapping  - Mapped "{[/routes || /routes.json],methods=[GET]}" onto public java.util.Map<java.lang.String, java.lang.String> org.springframework.cloud.netflix.zuul.RoutesEndpoint.getRoutes()
2017-31-07 08:37:31 EDT|INFO |o.s.b.actuate.endpoint.mvc.EndpointHandlerMapping  - Mapped "{[/info || /info.json],methods=[GET],produces=[application/vnd.spring-boot.actuator.v1+json || application/json]}" onto public java.lang.Object org.springframework.boot.actuate.endpoint.mvc.EndpointMvcAdapter.invoke()
2017-31-07 08:37:31 EDT|INFO |o.s.b.actuate.endpoint.mvc.EndpointHandlerMapping  - Mapped "{[/autoconfig || /autoconfig.json],methods=[GET],produces=[application/vnd.spring-boot.actuator.v1+json || application/json]}" onto public java.lang.Object org.springframework.boot.actuate.endpoint.mvc.EndpointMvcAdapter.invoke()
2017-31-07 08:37:31 EDT|INFO |o.s.b.actuate.endpoint.mvc.EndpointHandlerMapping  - Mapped "{[/metrics/{name:.*}],methods=[GET],produces=[application/vnd.spring-boot.actuator.v1+json || application/json]}" onto public java.lang.Object org.springframework.boot.actuate.endpoint.mvc.MetricsMvcEndpoint.value(java.lang.String)
2017-31-07 08:37:31 EDT|INFO |o.s.b.actuate.endpoint.mvc.EndpointHandlerMapping  - Mapped "{[/metrics || /metrics.json],methods=[GET],produces=[application/vnd.spring-boot.actuator.v1+json || application/json]}" onto public java.lang.Object org.springframework.boot.actuate.endpoint.mvc.EndpointMvcAdapter.invoke()
2017-31-07 08:37:31 EDT|INFO |o.s.b.actuate.endpoint.mvc.EndpointHandlerMapping  - Mapped "{[/loggers/{name:.*}],methods=[GET],produces=[application/vnd.spring-boot.actuator.v1+json || application/json]}" onto public java.lang.Object org.springframework.boot.actuate.endpoint.mvc.LoggersMvcEndpoint.get(java.lang.String)
2017-31-07 08:37:31 EDT|INFO |o.s.b.actuate.endpoint.mvc.EndpointHandlerMapping  - Mapped "{[/loggers/{name:.*}],methods=[POST],consumes=[application/vnd.spring-boot.actuator.v1+json || application/json],produces=[application/vnd.spring-boot.actuator.v1+json || application/json]}" onto public java.lang.Object org.springframework.boot.actuate.endpoint.mvc.LoggersMvcEndpoint.set(java.lang.String,java.util.Map<java.lang.String, java.lang.String>)
2017-31-07 08:37:31 EDT|INFO |o.s.b.actuate.endpoint.mvc.EndpointHandlerMapping  - Mapped "{[/loggers || /loggers.json],methods=[GET],produces=[application/vnd.spring-boot.actuator.v1+json || application/json]}" onto public java.lang.Object org.springframework.boot.actuate.endpoint.mvc.EndpointMvcAdapter.invoke()
2017-31-07 08:37:31 EDT|INFO |o.s.b.actuate.endpoint.mvc.EndpointHandlerMapping  - Mapped "{[/heapdump || /heapdump.json],methods=[GET],produces=[application/octet-stream]}" onto public void org.springframework.boot.actuate.endpoint.mvc.HeapdumpMvcEndpoint.invoke(boolean,javax.servlet.http.HttpServletRequest,javax.servlet.http.HttpServletResponse) throws java.io.IOException,javax.servlet.ServletException
2017-31-07 08:37:31 EDT|INFO |o.s.b.actuate.endpoint.mvc.EndpointHandlerMapping  - Mapped "{[/mappings || /mappings.json],methods=[GET],produces=[application/vnd.spring-boot.actuator.v1+json || application/json]}" onto public java.lang.Object org.springframework.boot.actuate.endpoint.mvc.EndpointMvcAdapter.invoke()
2017-31-07 08:37:31 EDT|INFO |o.s.b.actuate.endpoint.mvc.EndpointHandlerMapping  - Mapped "{[/resume || /resume.json],methods=[POST]}" onto public java.lang.Object org.springframework.cloud.endpoint.GenericPostableMvcEndpoint.invoke()
2017-31-07 08:37:31 EDT|INFO |o.s.b.actuate.endpoint.mvc.EndpointHandlerMapping  - Mapped "{[/auditevents || /auditevents.json],methods=[GET],produces=[application/vnd.spring-boot.actuator.v1+json || application/json]}" onto public org.springframework.http.ResponseEntity<?> org.springframework.boot.actuate.endpoint.mvc.AuditEventsMvcEndpoint.findByPrincipalAndAfterAndType(java.lang.String,java.util.Date,java.lang.String)
2017-31-07 08:37:31 EDT|INFO |o.s.b.actuate.endpoint.mvc.EndpointHandlerMapping  - Mapped "{[/hystrix.stream/**]}" onto public org.springframework.web.servlet.ModelAndView org.springframework.cloud.netflix.endpoint.ServletWrappingEndpoint.handle(javax.servlet.http.HttpServletRequest,javax.servlet.http.HttpServletResponse) throws java.lang.Exception
2017-31-07 08:37:31 EDT|INFO |o.s.b.actuate.endpoint.mvc.EndpointHandlerMapping  - Mapped "{[/archaius || /archaius.json],methods=[GET],produces=[application/vnd.spring-boot.actuator.v1+json || application/json]}" onto public java.lang.Object org.springframework.boot.actuate.endpoint.mvc.EndpointMvcAdapter.invoke()
2017-31-07 08:37:31 EDT|INFO |o.s.b.actuate.endpoint.mvc.EndpointHandlerMapping  - Mapped "{[/dump || /dump.json],methods=[GET],produces=[application/vnd.spring-boot.actuator.v1+json || application/json]}" onto public java.lang.Object org.springframework.boot.actuate.endpoint.mvc.EndpointMvcAdapter.invoke()
2017-31-07 08:37:31 EDT|INFO |o.s.b.actuate.endpoint.mvc.EndpointHandlerMapping  - Mapped "{[/env],methods=[POST]}" onto public java.lang.Object org.springframework.cloud.context.environment.EnvironmentManagerMvcEndpoint.value(java.util.Map<java.lang.String, java.lang.String>)
2017-31-07 08:37:31 EDT|INFO |o.s.b.actuate.endpoint.mvc.EndpointHandlerMapping  - Mapped "{[/env/reset],methods=[POST]}" onto public java.util.Map<java.lang.String, java.lang.Object> org.springframework.cloud.context.environment.EnvironmentManagerMvcEndpoint.reset()
2017-31-07 08:37:31 EDT|INFO |o.s.b.actuate.endpoint.mvc.EndpointHandlerMapping  - Mapped "{[/configprops || /configprops.json],methods=[GET],produces=[application/vnd.spring-boot.actuator.v1+json || application/json]}" onto public java.lang.Object org.springframework.boot.actuate.endpoint.mvc.EndpointMvcAdapter.invoke()
2017-31-07 08:37:31 EDT|INFO |o.s.b.actuate.endpoint.mvc.EndpointHandlerMapping  - Mapped "{[/env/{name:.*}],methods=[GET],produces=[application/vnd.spring-boot.actuator.v1+json || application/json]}" onto public java.lang.Object org.springframework.boot.actuate.endpoint.mvc.EnvironmentMvcEndpoint.value(java.lang.String)
2017-31-07 08:37:31 EDT|INFO |o.s.b.actuate.endpoint.mvc.EndpointHandlerMapping  - Mapped "{[/env || /env.json],methods=[GET],produces=[application/vnd.spring-boot.actuator.v1+json || application/json]}" onto public java.lang.Object org.springframework.boot.actuate.endpoint.mvc.EndpointMvcAdapter.invoke()
2017-31-07 08:37:31 EDT|INFO |o.s.b.actuate.endpoint.mvc.EndpointHandlerMapping  - Mapped "{[/beans || /beans.json],methods=[GET],produces=[application/vnd.spring-boot.actuator.v1+json || application/json]}" onto public java.lang.Object org.springframework.boot.actuate.endpoint.mvc.EndpointMvcAdapter.invoke()
2017-31-07 08:37:31 EDT|INFO |o.s.b.actuate.endpoint.mvc.EndpointHandlerMapping  - Mapped "{[/trace || /trace.json],methods=[GET],produces=[application/vnd.spring-boot.actuator.v1+json || application/json]}" onto public java.lang.Object org.springframework.boot.actuate.endpoint.mvc.EndpointMvcAdapter.invoke()
2017-31-07 08:37:31 EDT|INFO |o.s.b.actuate.endpoint.mvc.EndpointHandlerMapping  - Mapped "{[/health || /health.json],methods=[GET],produces=[application/vnd.spring-boot.actuator.v1+json || application/json]}" onto public java.lang.Object org.springframework.boot.actuate.endpoint.mvc.HealthMvcEndpoint.invoke(javax.servlet.http.HttpServletRequest,java.security.Principal)
2017-31-07 08:37:31 EDT|INFO |o.s.b.actuate.endpoint.mvc.EndpointHandlerMapping  - Mapped "{[/restart || /restart.json],methods=[POST]}" onto public java.lang.Object org.springframework.cloud.context.restart.RestartMvcEndpoint.invoke()
2017-31-07 08:37:31 EDT|INFO |o.s.b.actuate.endpoint.mvc.EndpointHandlerMapping  - Mapped "{[/refresh || /refresh.json],methods=[POST]}" onto public java.lang.Object org.springframework.cloud.endpoint.GenericPostableMvcEndpoint.invoke()
2017-31-07 08:37:31 EDT|INFO |o.s.b.actuate.endpoint.mvc.EndpointHandlerMapping  - Mapped "{[/pause || /pause.json],methods=[POST]}" onto public java.lang.Object org.springframework.cloud.endpoint.GenericPostableMvcEndpoint.invoke()
2017-31-07 08:37:32 EDT|WARN |o.s.b.c.e.AnnotationConfigEmbeddedWebApplicationContext - Exception encountered during context initialization - cancelling refresh attempt: org.springframework.beans.factory.BeanCreationException: Error creating bean with name 'enableRedisKeyspaceNotificationsInitializer' defined in class path resource [org/springframework/boot/autoconfigure/session/RedisSessionConfiguration$SpringBootRedisHttpSessionConfiguration.class]: Invocation of init method failed; nested exception is org.springframework.data.redis.RedisConnectionFailureException: Cannot get Jedis connection; nested exception is redis.clients.jedis.exceptions.JedisConnectionException: Could not get a resource from the pool
2017-31-07 08:37:32 EDT|INFO |o.s.cloud.netflix.zuul.ZuulFilterInitializer       - Stopping filter initializer context listener
2017-31-07 08:37:32 EDT|INFO |o.s.b.a.l.AutoConfigurationReportLoggingInitializer - 

Error starting ApplicationContext. To display the auto-configuration report re-run your application with 'debug' enabled.
2017-31-07 08:37:32 EDT|ERROR|org.springframework.boot.SpringApplication         - Application startup failed
org.springframework.beans.factory.BeanCreationException: Error creating bean with name 'enableRedisKeyspaceNotificationsInitializer' defined in class path resource [org/springframework/boot/autoconfigure/session/RedisSessionConfiguration$SpringBootRedisHttpSessionConfiguration.class]: Invocation of init method failed; nested exception is org.springframework.data.redis.RedisConnectionFailureException: Cannot get Jedis connection; nested exception is redis.clients.jedis.exceptions.JedisConnectionException: Could not get a resource from the pool
	at org.springframework.beans.factory.support.AbstractAutowireCapableBeanFactory.initializeBean(AbstractAutowireCapableBeanFactory.java:1628)
	at org.springframework.beans.factory.support.AbstractAutowireCapableBeanFactory.doCreateBean(AbstractAutowireCapableBeanFactory.java:555)
	at org.springframework.beans.factory.support.AbstractAutowireCapableBeanFactory.createBean(AbstractAutowireCapableBeanFactory.java:483)
	at org.springframework.beans.factory.support.AbstractBeanFactory$1.getObject(AbstractBeanFactory.java:306)
	at org.springframework.beans.factory.support.DefaultSingletonBeanRegistry.getSingleton(DefaultSingletonBeanRegistry.java:230)
	at org.springframework.beans.factory.support.AbstractBeanFactory.doGetBean(AbstractBeanFactory.java:302)
	at org.springframework.beans.factory.support.AbstractBeanFactory.getBean(AbstractBeanFactory.java:197)
	at org.springframework.beans.factory.support.DefaultListableBeanFactory.preInstantiateSingletons(DefaultListableBeanFactory.java:761)
	at org.springframework.context.support.AbstractApplicationContext.finishBeanFactoryInitialization(AbstractApplicationContext.java:866)
	at org.springframework.context.support.AbstractApplicationContext.refresh(AbstractApplicationContext.java:542)
	at org.springframework.boot.context.embedded.EmbeddedWebApplicationContext.refresh(EmbeddedWebApplicationContext.java:122)
	at org.springframework.boot.SpringApplication.refresh(SpringApplication.java:737)
	at org.springframework.boot.SpringApplication.refreshContext(SpringApplication.java:370)
	at org.springframework.boot.SpringApplication.run(SpringApplication.java:314)
	at org.springframework.boot.test.context.SpringBootContextLoader.loadContext(SpringBootContextLoader.java:120)
	at org.springframework.test.context.cache.DefaultCacheAwareContextLoaderDelegate.loadContextInternal(DefaultCacheAwareContextLoaderDelegate.java:98)
	at org.springframework.test.context.cache.DefaultCacheAwareContextLoaderDelegate.loadContext(DefaultCacheAwareContextLoaderDelegate.java:116)
	at org.springframework.test.context.support.DefaultTestContext.getApplicationContext(DefaultTestContext.java:83)
	at org.springframework.test.context.support.DependencyInjectionTestExecutionListener.injectDependencies(DependencyInjectionTestExecutionListener.java:117)
	at org.springframework.test.context.support.DependencyInjectionTestExecutionListener.prepareTestInstance(DependencyInjectionTestExecutionListener.java:83)
	at org.springframework.boot.test.autoconfigure.SpringBootDependencyInjectionTestExecutionListener.prepareTestInstance(SpringBootDependencyInjectionTestExecutionListener.java:44)
	at org.springframework.test.context.TestContextManager.prepareTestInstance(TestContextManager.java:230)
	at org.springframework.test.context.junit4.SpringJUnit4ClassRunner.createTest(SpringJUnit4ClassRunner.java:228)
	at org.springframework.test.context.junit4.SpringJUnit4ClassRunner$1.runReflectiveCall(SpringJUnit4ClassRunner.java:287)
	at org.junit.internal.runners.model.ReflectiveCallable.run(ReflectiveCallable.java:12)
	at org.springframework.test.context.junit4.SpringJUnit4ClassRunner.methodBlock(SpringJUnit4ClassRunner.java:289)
	at org.springframework.test.context.junit4.SpringJUnit4ClassRunner.runChild(SpringJUnit4ClassRunner.java:247)
	at org.springframework.test.context.junit4.SpringJUnit4ClassRunner.runChild(SpringJUnit4ClassRunner.java:94)
	at org.junit.runners.ParentRunner$3.run(ParentRunner.java:290)
	at org.junit.runners.ParentRunner$1.schedule(ParentRunner.java:71)
	at org.junit.runners.ParentRunner.runChildren(ParentRunner.java:288)
	at org.junit.runners.ParentRunner.access$000(ParentRunner.java:58)
	at org.junit.runners.ParentRunner$2.evaluate(ParentRunner.java:268)
	at org.springframework.test.context.junit4.statements.RunBeforeTestClassCallbacks.evaluate(RunBeforeTestClassCallbacks.java:61)
	at org.springframework.test.context.junit4.statements.RunAfterTestClassCallbacks.evaluate(RunAfterTestClassCallbacks.java:70)
	at org.junit.runners.ParentRunner.run(ParentRunner.java:363)
	at org.springframework.test.context.junit4.SpringJUnit4ClassRunner.run(SpringJUnit4ClassRunner.java:191)
	at org.apache.maven.surefire.junit4.JUnit4Provider.execute(JUnit4Provider.java:283)
	at org.apache.maven.surefire.junit4.JUnit4Provider.executeWithRerun(JUnit4Provider.java:173)
	at org.apache.maven.surefire.junit4.JUnit4Provider.executeTestSet(JUnit4Provider.java:153)
	at org.apache.maven.surefire.junit4.JUnit4Provider.invoke(JUnit4Provider.java:128)
	at org.apache.maven.surefire.booter.ForkedBooter.invokeProviderInSameClassLoader(ForkedBooter.java:203)
	at org.apache.maven.surefire.booter.ForkedBooter.runSuitesInProcess(ForkedBooter.java:155)
	at org.apache.maven.surefire.booter.ForkedBooter.main(ForkedBooter.java:103)
Caused by: org.springframework.data.redis.RedisConnectionFailureException: Cannot get Jedis connection; nested exception is redis.clients.jedis.exceptions.JedisConnectionException: Could not get a resource from the pool
	at org.springframework.data.redis.connection.jedis.JedisConnectionFactory.fetchJedisConnector(JedisConnectionFactory.java:204)
	at org.springframework.data.redis.connection.jedis.JedisConnectionFactory.getConnection(JedisConnectionFactory.java:348)
	at org.springframework.session.data.redis.config.annotation.web.http.RedisHttpSessionConfiguration$EnableRedisKeyspaceNotificationsInitializer.afterPropertiesSet(RedisHttpSessionConfiguration.java:249)
	at org.springframework.beans.factory.support.AbstractAutowireCapableBeanFactory.invokeInitMethods(AbstractAutowireCapableBeanFactory.java:1687)
	at org.springframework.beans.factory.support.AbstractAutowireCapableBeanFactory.initializeBean(AbstractAutowireCapableBeanFactory.java:1624)
	... 43 common frames omitted
Caused by: redis.clients.jedis.exceptions.JedisConnectionException: Could not get a resource from the pool
	at redis.clients.util.Pool.getResource(Pool.java:53)
	at redis.clients.jedis.JedisPool.getResource(JedisPool.java:226)
	at redis.clients.jedis.JedisPool.getResource(JedisPool.java:16)
	at org.springframework.data.redis.connection.jedis.JedisConnectionFactory.fetchJedisConnector(JedisConnectionFactory.java:194)
	... 47 common frames omitted
Caused by: redis.clients.jedis.exceptions.JedisConnectionException: java.net.ConnectException: Connection refused (Connection refused)
	at redis.clients.jedis.Connection.connect(Connection.java:207)
	at redis.clients.jedis.BinaryClient.connect(BinaryClient.java:93)
	at redis.clients.jedis.BinaryJedis.connect(BinaryJedis.java:1767)
	at redis.clients.jedis.JedisFactory.makeObject(JedisFactory.java:106)
	at org.apache.commons.pool2.impl.GenericObjectPool.create(GenericObjectPool.java:868)
	at org.apache.commons.pool2.impl.GenericObjectPool.borrowObject(GenericObjectPool.java:435)
	at org.apache.commons.pool2.impl.GenericObjectPool.borrowObject(GenericObjectPool.java:363)
	at redis.clients.util.Pool.getResource(Pool.java:49)
	... 50 common frames omitted
Caused by: java.net.ConnectException: Connection refused (Connection refused)
	at java.net.PlainSocketImpl.socketConnect(Native Method)
	at java.net.AbstractPlainSocketImpl.doConnect(AbstractPlainSocketImpl.java:350)
	at java.net.AbstractPlainSocketImpl.connectToAddress(AbstractPlainSocketImpl.java:206)
	at java.net.AbstractPlainSocketImpl.connect(AbstractPlainSocketImpl.java:188)
	at java.net.SocksSocketImpl.connect(SocksSocketImpl.java:392)
	at java.net.Socket.connect(Socket.java:589)
	at redis.clients.jedis.Connection.connect(Connection.java:184)
	... 57 common frames omitted
